;  LST file generated by mikroListExporter - v.2.0 
; Date/Time: 03-Oct-24 9:51:51 PM
;----------------------------------------------

;Address Opcode 	ASM
0x0000	0x2803      	GOTO       3
_main:
;DC_motor.c,1 :: 		void main(){
;DC_motor.c,2 :: 		TRISB=0x00;
0x0003	0x1683      	BSF        STATUS, 5
0x0004	0x1303      	BCF        STATUS, 6
0x0005	0x0186      	CLRF       TRISB
;DC_motor.c,3 :: 		TRISC=0xff;
0x0006	0x30FF      	MOVLW      255
0x0007	0x0087      	MOVWF      TRISC
;DC_motor.c,4 :: 		portb=0x00;
0x0008	0x1283      	BCF        STATUS, 5
0x0009	0x0186      	CLRF       PORTB
;DC_motor.c,5 :: 		while(1){
L_main0:
;DC_motor.c,6 :: 		if(portc.f1==0xff){
0x000A	0x1C87      	BTFSS      PORTC, 1
0x000B	0x281E      	GOTO       L_main2
;DC_motor.c,7 :: 		delay_ms(100);
0x000C	0x3002      	MOVLW      2
0x000D	0x00FB      	MOVWF      R11
0x000E	0x3004      	MOVLW      4
0x000F	0x00FC      	MOVWF      R12
0x0010	0x30BA      	MOVLW      186
0x0011	0x00FD      	MOVWF      R13
L_main3:
0x0012	0x0BFD      	DECFSZ     R13, 1
0x0013	0x2812      	GOTO       L_main3
0x0014	0x0BFC      	DECFSZ     R12, 1
0x0015	0x2812      	GOTO       L_main3
0x0016	0x0BFB      	DECFSZ     R11, 1
0x0017	0x2812      	GOTO       L_main3
0x0018	0x0000      	NOP
;DC_motor.c,8 :: 		if(portc.f1==0xff){
0x0019	0x1C87      	BTFSS      PORTC, 1
0x001A	0x281D      	GOTO       L_main4
;DC_motor.c,9 :: 		portb.f0=0xff;
0x001B	0x1406      	BSF        PORTB, 0
;DC_motor.c,10 :: 		portb.f1=0x00;
0x001C	0x1086      	BCF        PORTB, 1
;DC_motor.c,11 :: 		}
L_main4:
;DC_motor.c,13 :: 		}
0x001D	0x2820      	GOTO       L_main5
L_main2:
;DC_motor.c,16 :: 		portb.f0=0x00;
0x001E	0x1006      	BCF        PORTB, 0
;DC_motor.c,17 :: 		portb.f1=0xff;
0x001F	0x1486      	BSF        PORTB, 1
;DC_motor.c,19 :: 		}
L_main5:
;DC_motor.c,21 :: 		}
0x0020	0x280A      	GOTO       L_main0
;DC_motor.c,24 :: 		}
L_end_main:
0x0021	0x2821      	GOTO       $+0
; end of _main
Symbol List:
//** Routines locations **
//ADDRESS    SIZE    PROCEDURE
//----------------------------------------------
0x0003      [31]    _main
//** Variables locations ** 
//ADDRESS    SIZE    VARIABLE
//----------------------------------------------
0x0000       [1]    INDF
0x0003       [1]    STATUS
0x0004       [1]    FSR
0x0006       [1]    PORTB
0x0007       [1]    PORTC
0x000A       [1]    PCLATH
0x0020       [2]    ___DoICPAddr
0x0070       [1]    R0
0x0071       [1]    R1
0x0072       [1]    R2
0x0073       [1]    R3
0x0074       [1]    R4
0x0075       [1]    R5
0x0076       [1]    R6
0x0077       [1]    R7
0x0078       [1]    R8
0x0079       [1]    R9
0x007A       [1]    R10
0x007B       [1]    R11
0x007C       [1]    R12
0x007D       [1]    R13
0x007E       [1]    R14
0x007F       [1]    R15
0x0086       [1]    TRISB
0x0087       [1]    TRISC
